c:\users\john\desktop\gdeng2\directxgame repository\directxgame\directxgame\x64\debug\vc143.pdb
c:\users\john\desktop\gdeng2\directxgame repository\directxgame\directxgame\x64\debug\vc143.idb
c:\users\john\desktop\gdeng2\directxgame repository\directxgame\directxgame\x64\debug\window.obj
c:\users\john\desktop\gdeng2\directxgame repository\directxgame\directxgame\x64\debug\vertexshader.obj
c:\users\john\desktop\gdeng2\directxgame repository\directxgame\directxgame\x64\debug\vertexbuffer.obj
c:\users\john\desktop\gdeng2\directxgame repository\directxgame\directxgame\x64\debug\swapchain.obj
c:\users\john\desktop\gdeng2\directxgame repository\directxgame\directxgame\x64\debug\quad.obj
c:\users\john\desktop\gdeng2\directxgame repository\directxgame\directxgame\x64\debug\pixelshader.obj
c:\users\john\desktop\gdeng2\directxgame repository\directxgame\directxgame\x64\debug\main.obj
c:\users\john\desktop\gdeng2\directxgame repository\directxgame\directxgame\x64\debug\graphicsengine.obj
c:\users\john\desktop\gdeng2\directxgame repository\directxgame\directxgame\x64\debug\devicecontext.obj
c:\users\john\desktop\gdeng2\directxgame repository\directxgame\directxgame\x64\debug\constantbuffer.obj
c:\users\john\desktop\gdeng2\directxgame repository\directxgame\directxgame\x64\debug\appwindow.obj
c:\users\john\desktop\gdeng2\directxgame repository\directxgame\directxgame\x64\debug\enginetime.obj
c:\users\john\desktop\gdeng2\directxgame repository\directxgame\directxgame\x64\debug\mouse.obj
c:\users\john\desktop\gdeng2\directxgame repository\directxgame\directxgame\x64\debug\eventsystem.obj
c:\users\john\desktop\gdeng2\directxgame repository\directxgame\directxgame\x64\debug\eventmanager.obj
c:\users\john\desktop\gdeng2\directxgame repository\directxgame\directxgame\x64\debug\inputlistener.obj
c:\users\john\desktop\gdeng2\directxgame repository\directxgame\directxgame\x64\debug\matrix.obj
c:\users\john\desktop\gdeng2\directxgame repository\directxgame\directxgame\x64\debug\vector3.obj
c:\users\john\desktop\gdeng2\directxgame repository\directxgame\directxgame\x64\debug\vector2.obj
c:\users\john\desktop\gdeng2\directxgame repository\directxgame\directxgame\x64\debug\eventlistener.obj
c:\users\john\desktop\gdeng2\directxgame repository\directxgame\directxgame\x64\debug\indexbuffer.obj
c:\users\john\desktop\gdeng2\directxgame repository\directxgame\directxgame\x64\debug\cube.obj
c:\users\john\desktop\gdeng2\directxgame repository\directxgame\directxgame\x64\debug\gameobject.obj
c:\users\john\desktop\gdeng2\directxgame repository\directxgame\directxgame\x64\debug\plane.obj
c:\users\john\desktop\gdeng2\directxgame repository\directxgame\directxgame\x64\debug\outline.obj
c:\users\john\desktop\gdeng2\directxgame repository\directxgame\directxgame\x64\debug\vector4.obj
c:\users\john\desktop\gdeng2\directxgame repository\directxgame\directxgame\x64\debug\camera.obj
c:\users\john\desktop\gdeng2\directxgame repository\directxgame\directxgame\x64\debug\uiscreen.obj
c:\users\john\desktop\gdeng2\directxgame repository\directxgame\directxgame\x64\debug\uimanager.obj
c:\users\john\desktop\gdeng2\directxgame repository\directxgame\directxgame\x64\debug\imgui_widgets.obj
c:\users\john\desktop\gdeng2\directxgame repository\directxgame\directxgame\x64\debug\imgui_tables.obj
c:\users\john\desktop\gdeng2\directxgame repository\directxgame\directxgame\x64\debug\imgui_impl_win32.obj
c:\users\john\desktop\gdeng2\directxgame repository\directxgame\directxgame\x64\debug\imgui_impl_dx11.obj
c:\users\john\desktop\gdeng2\directxgame repository\directxgame\directxgame\x64\debug\imgui_draw.obj
c:\users\john\desktop\gdeng2\directxgame repository\directxgame\directxgame\x64\debug\imgui.obj
c:\users\john\desktop\gdeng2\directxgame repository\directxgame\directxgame\x64\debug\menuscreen.obj
c:\users\john\desktop\gdeng2\directxgame repository\directxgame\directxgame\x64\debug\menubar.obj
c:\users\john\desktop\gdeng2\directxgame repository\directxgame\directxgame\x64\debug\creditsscreen.obj
c:\users\john\desktop\gdeng2\directxgame repository\directxgame\directxgame\x64\debug\colorpicker.obj
c:\users\john\desktop\gdeng2\directxgame repository\directxgame\directxgame\x64\debug\resourcemanager.obj
c:\users\john\desktop\gdeng2\directxgame repository\directxgame\directxgame\x64\debug\texture.obj
c:\users\john\desktop\gdeng2\directxgame repository\directxgame\directxgame\x64\debug\texturemanager.obj
c:\users\john\desktop\gdeng2\directxgame repository\directxgame\directxgame\x64\debug\resource.obj
c:\users\john\desktop\gdeng2\directxgame repository\directxgame\directxgame\x64\debug\meshmanager.obj
c:\users\john\desktop\gdeng2\directxgame repository\directxgame\directxgame\x64\debug\mesh.obj
c:\users\john\desktop\gdeng2\directxgame repository\directxgame\directxgame\x64\debug\directxgame.ilk
c:\users\john\desktop\gdeng2\directxgame repository\directxgame\x64\debug\directxgame.exe
c:\users\john\desktop\gdeng2\directxgame repository\directxgame\x64\debug\directxgame.pdb
c:\users\john\desktop\gdeng2\directxgame repository\directxgame\directxgame\x64\debug\event.obj
c:\users\john\desktop\gdeng2\directxgame repository\directxgame\directxgame\x64\debug\directxgame.tlog\cl.command.1.tlog
c:\users\john\desktop\gdeng2\directxgame repository\directxgame\directxgame\x64\debug\directxgame.tlog\cl.read.1.tlog
c:\users\john\desktop\gdeng2\directxgame repository\directxgame\directxgame\x64\debug\directxgame.tlog\cl.write.1.tlog
c:\users\john\desktop\gdeng2\directxgame repository\directxgame\directxgame\x64\debug\directxgame.tlog\fxc.command.1.tlog
c:\users\john\desktop\gdeng2\directxgame repository\directxgame\directxgame\x64\debug\directxgame.tlog\fxc.read.1.tlog
c:\users\john\desktop\gdeng2\directxgame repository\directxgame\directxgame\x64\debug\directxgame.tlog\link.command.1.tlog
c:\users\john\desktop\gdeng2\directxgame repository\directxgame\directxgame\x64\debug\directxgame.tlog\link.read.1.tlog
c:\users\john\desktop\gdeng2\directxgame repository\directxgame\directxgame\x64\debug\directxgame.tlog\link.write.1.tlog
